<?xml version="1.0" encoding="UTF-8"?>
<!-- Generated by org.testng.reporters.JUnitReportReporter -->
<testsuite hostname="DESKTOP-N50U8TS" failures="0" tests="4" name="api.test.UserTests" time="11.624" errors="0" timestamp="2025-09-01T11:12:00 IST" skipped="0">
  <testcase classname="api.test.UserTests" name="testPostUser" time="6.471"/>
  <system-out/>
  <testcase classname="api.test.UserTests" name="getUserByName" time="1.377"/>
  <system-out/>
  <testcase classname="api.test.UserTests" name="testUpdateUserByName" time="2.525"/>
  <system-out/>
  <testcase classname="api.test.UserTests" name="testDeleteUserByName" time="1.251"/>
  <system-out/>
</testsuite> <!-- api.test.UserTests -->
