<?xml version="1.0" encoding="UTF-8"?>
<!-- Generated by org.testng.reporters.JUnitReportReporter -->
<testsuite hostname="DESKTOP-N50U8TS" failures="0" tests="6" name="api.test.DDTests" time="12.954" errors="0" timestamp="2025-08-29T11:30:34 IST" skipped="0">
  <testcase classname="api.test.DDTests" name="testPostUser" time="6.794"/>
  <system-out/>
  <testcase classname="api.test.DDTests" name="testPostUser" time="1.221"/>
  <system-out/>
  <testcase classname="api.test.DDTests" name="testPostUser" time="1.282"/>
  <system-out/>
  <testcase classname="api.test.DDTests" name="testDeleteUserByName" time="1.234"/>
  <system-out/>
  <testcase classname="api.test.DDTests" name="testDeleteUserByName" time="1.272"/>
  <system-out/>
  <testcase classname="api.test.DDTests" name="testDeleteUserByName" time="1.151"/>
  <system-out/>
</testsuite> <!-- api.test.DDTests -->
