<?xml version="1.0" encoding="UTF-8"?>
<!-- Generated by org.testng.reporters.JUnitReportReporter -->
<testsuite hostname="DESKTOP-N50U8TS" failures="0" tests="4" name="api.test.UserTests" time="11.942" errors="0" timestamp="2025-09-01T12:12:40 IST" skipped="0">
  <testcase classname="api.test.UserTests" name="testPostUser" time="6.922"/>
  <system-out/>
  <testcase classname="api.test.UserTests" name="getUserByName" time="1.474"/>
  <system-out/>
  <testcase classname="api.test.UserTests" name="testUpdateUserByName" time="2.345"/>
  <system-out/>
  <testcase classname="api.test.UserTests" name="testDeleteUserByName" time="1.201"/>
  <system-out/>
</testsuite> <!-- api.test.UserTests -->
